<?xml version="1.0" encoding="UTF-8"?>
<testng-results skipped="0" failed="0" total="1" passed="1">
  <reporter-output>
  </reporter-output>
  <suite name="Default suite" duration-ms="32320" started-at="2019-10-23T17:38:35Z" finished-at="2019-10-23T17:39:08Z">
    <groups>
    </groups>
    <test name="Default test" duration-ms="32320" started-at="2019-10-23T17:38:35Z" finished-at="2019-10-23T17:39:08Z">
      <class name="com.training.sanity.tests.ELearningChangePasswordELTC_003">
        <test-method status="PASS" signature="setUpBeforeClass()[pri:0, instance:com.training.sanity.tests.ELearningChangePasswordELTC_003@23223dd8]" name="setUpBeforeClass" is-config="true" duration-ms="18" started-at="2019-10-23T23:08:35Z" finished-at="2019-10-23T23:08:35Z">
          <reporter-output>
          </reporter-output>
        </test-method> <!-- setUpBeforeClass -->
        <test-method status="PASS" signature="setUp()[pri:0, instance:com.training.sanity.tests.ELearningChangePasswordELTC_003@23223dd8]" name="setUp" is-config="true" duration-ms="23228" started-at="2019-10-23T23:08:35Z" finished-at="2019-10-23T23:08:59Z">
          <reporter-output>
          </reporter-output>
        </test-method> <!-- setUp -->
        <test-method status="PASS" signature="validLoginTest()[pri:0, instance:com.training.sanity.tests.ELearningChangePasswordELTC_003@23223dd8]" name="validLoginTest" duration-ms="3995" started-at="2019-10-23T23:08:59Z" finished-at="2019-10-23T23:09:03Z">
          <reporter-output>
          </reporter-output>
        </test-method> <!-- validLoginTest -->
        <test-method status="PASS" signature="afterMethod()[pri:0, instance:com.training.sanity.tests.ELearningChangePasswordELTC_003@23223dd8]" name="afterMethod" is-config="true" duration-ms="5059" started-at="2019-10-23T23:09:03Z" finished-at="2019-10-23T23:09:08Z">
          <reporter-output>
          </reporter-output>
        </test-method> <!-- afterMethod -->
      </class> <!-- com.training.sanity.tests.ELearningChangePasswordELTC_003 -->
    </test> <!-- Default test -->
  </suite> <!-- Default suite -->
</testng-results>
